<?xml version="1.0" encoding="UTF-8"?>
<testng-results skipped="0" failed="0" ignored="0" total="1" passed="1">
  <reporter-output>
  </reporter-output>
  <suite name="Default suite" duration-ms="4756" started-at="2018-06-05T07:32:44Z" finished-at="2018-06-05T07:32:49Z">
    <groups>
    </groups>
    <test name="Default test" duration-ms="4756" started-at="2018-06-05T07:32:44Z" finished-at="2018-06-05T07:32:49Z">
      <class name="Demo.REST.Maven.Framework.Login_Test">
        <test-method status="PASS" signature="Login()[pri:0, instance:Demo.REST.Maven.Framework.Login_Test@1e88b3c]" name="Login" duration-ms="4679" started-at="2018-06-05T07:32:44Z" finished-at="2018-06-05T07:32:49Z">
          <reporter-output>
          </reporter-output>
        </test-method> <!-- Login -->
      </class> <!-- Demo.REST.Maven.Framework.Login_Test -->
    </test> <!-- Default test -->
  </suite> <!-- Default suite -->
</testng-results>
