<?xml version="1.0" encoding="UTF-8"?>
<!-- Generated by org.testng.reporters.JUnitXMLReporter -->
<testsuite hostname="CPX-85J1I2YMCLF" ignored="0" name="Default test" tests="3" failures="0" timestamp="04 kesäkuuta 2018 08:54:40 GMT" time="0.067" errors="0">
  <testcase name="First_Test" time="0.018" classname="Demo.REST.Maven.Framework.Sample_1_Test"/>
  <testcase name="Second_Test" time="0.005" classname="Demo.REST.Maven.Framework.Sample_1_Test"/>
  <testcase name="Third_Test" time="0.009" classname="Demo.REST.Maven.Framework.Sample_1_Test"/>
</testsuite> <!-- Default test -->
