<?xml version="1.0" encoding="UTF-8"?>
<!-- Generated by org.testng.reporters.JUnitReportReporter -->
<testsuite skipped="0" hostname="CPX-85J1I2YMCLF" name="Demo.REST.Maven.Framework.Sample_1_Test" tests="3" failures="0" timestamp="04 kesäkuuta 2018 08:54:40 GMT" time="0.032" errors="0">
  <testcase name="Third_Test" time="0.009" classname="Demo.REST.Maven.Framework.Sample_1_Test"/>
  <testcase name="Second_Test" time="0.005" classname="Demo.REST.Maven.Framework.Sample_1_Test"/>
  <testcase name="First_Test" time="0.018" classname="Demo.REST.Maven.Framework.Sample_1_Test"/>
</testsuite> <!-- Demo.REST.Maven.Framework.Sample_1_Test -->
